To honour the JVM settings for this build a single-use Daemon process will be forked. For more on this, please refer to https://docs.gradle.org/9.3.1/userguide/gradle_daemon.html#sec:disabling_the_daemon in the Gradle documentation.
Daemon will be stopped at the end of the build 
Calculating task graph as configuration cache cannot be reused because file 'app/build.gradle.kts' has changed.
> Task :app:generateReleaseAssets UP-TO-DATE
> Task :app:preBuild UP-TO-DATE
> Task :app:preReleaseBuild UP-TO-DATE
> Task :app:extractProguardFiles UP-TO-DATE
> Task :app:processReleaseGoogleServices UP-TO-DATE
> Task :app:generateReleaseResources UP-TO-DATE
> Task :app:mapReleaseSourceSetPaths UP-TO-DATE
> Task :app:extractDeepLinksRelease UP-TO-DATE
> Task :app:createReleaseCompatibleScreenManifests
> Task :app:processReleaseNavigationResources UP-TO-DATE
> Task :app:checkReleaseAarMetadata UP-TO-DATE
> Task :app:compileReleaseNavigationResources UP-TO-DATE
> Task :app:mergeReleaseResources UP-TO-DATE
> Task :app:extractReleaseVersionControlInfo UP-TO-DATE
> Task :app:packageReleaseResources UP-TO-DATE
> Task :app:parseReleaseLocalResources UP-TO-DATE
> Task :app:generateReleaseRFile UP-TO-DATE
> Task :app:javaPreCompileRelease UP-TO-DATE
> Task :app:desugarReleaseFileDependencies UP-TO-DATE
> Task :app:mergeReleaseStartupProfile UP-TO-DATE
> Task :app:generateReleaseBuildConfig
> Task :app:mergeReleaseAssets UP-TO-DATE
> Task :app:checkReleaseDuplicateClasses UP-TO-DATE
> Task :app:mergeReleaseJniLibFolders UP-TO-DATE
> Task :app:mergeExtDexRelease UP-TO-DATE
> Task :app:mergeReleaseNativeLibs UP-TO-DATE
> Task :app:writeReleaseAppMetadata UP-TO-DATE
> Task :app:stripReleaseDebugSymbols UP-TO-DATE
> Task :app:processReleaseMainManifest
> Task :app:collectReleaseDependencies UP-TO-DATE
> Task :app:configureReleaseDependencies UP-TO-DATE
> Task :app:extractReleaseNativeSymbolTables UP-TO-DATE
> Task :app:parseReleaseIntegrityConfig UP-TO-DATE
> Task :app:validateSigningRelease UP-TO-DATE
> Task :app:mergeReleaseArtProfile UP-TO-DATE
> Task :app:processReleaseManifest
> Task :app:processApplicationManifestReleaseForBundle
> Task :app:processReleaseManifestForPackage
> Task :app:processReleaseResources
> Task :app:bundleReleaseResources
> Task :app:kspReleaseKotlin
> Task :app:compileReleaseKotlin
> Task :app:processReleaseJavaRes UP-TO-DATE
> Task :app:mergeReleaseJavaResource UP-TO-DATE
> Task :app:compileReleaseJavaWithJavac
> Task :app:generateReleaseLintVitalReportModel
> Task :app:dexBuilderRelease
> Task :app:mergeReleaseGlobalSynthetics UP-TO-DATE
> Task :app:lintVitalAnalyzeRelease
> Task :app:mergeDexRelease
> Task :app:buildReleasePreBundle
> Task :app:compileReleaseArtProfile
> Task :app:lintVitalReportRelease
> Task :app:lintVitalRelease
> Task :app:packageReleaseBundle
> Task :app:signReleaseBundle
> Task :app:bundleRelease
> Task :app:produceReleaseBundleIdeListingFile
> Task :app:createReleaseBundleListingFileRedirect UP-TO-DATE

BUILD SUCCESSFUL in 1m 39s
55 actionable tasks: 22 executed, 33 up-to-date
Configuration cache entry stored.
